2014-08-26 00:13:22,973 INFO [servlet.SouSuo] - sousuo servlet startup!
2014-08-26 00:13:59,973 INFO [timer.TimerExecute] - 10 minutes execute!
2014-08-26 00:24:00,035 INFO [timer.TimerExecute] - 10 minutes execute!
2014-08-26 01:21:18,316 INFO [servlet.SouSuo] - sousuo servlet startup!
2014-08-26 01:21:59,316 INFO [timer.TimerExecute] - 10 minutes execute!
2014-08-26 01:31:59,316 INFO [timer.TimerExecute] - 10 minutes execute!
2014-08-26 04:30:27,789 INFO [servlet.SouSuo] - sousuo servlet startup!
2014-08-26 04:30:59,789 INFO [timer.TimerExecute] - 10 minutes execute!
2014-08-26 05:25:30,456 INFO [servlet.SouSuo] - sousuo servlet startup!
2014-08-26 05:25:59,456 INFO [timer.TimerExecute] - 10 minutes execute!
2014-08-26 06:23:11,341 INFO [servlet.SouSuo] - sousuo servlet startup!
2014-08-26 06:23:59,356 INFO [timer.TimerExecute] - 10 minutes execute!
2014-08-26 06:42:01,788 INFO [servlet.SouSuo] - sousuo servlet startup!
2014-08-26 06:42:59,788 INFO [timer.TimerExecute] - 10 minutes execute!
2014-08-26 06:52:59,788 INFO [timer.TimerExecute] - 10 minutes execute!
2014-08-26 06:53:36,741 INFO [servlet.SouSuo] - 222.128.178.252	2014-8-26 6:53:36    engine=two	site=baiduyun	keyword=麻生希.torrent
2014-08-26 07:02:59,802 INFO [timer.TimerExecute] - 10 minutes execute!
2014-08-26 07:12:59,815 INFO [timer.TimerExecute] - 10 minutes execute!
2014-08-26 07:36:35,893 INFO [servlet.SouSuo] - sousuo servlet startup!
2014-08-26 07:36:59,877 INFO [timer.TimerExecute] - 10 minutes execute!
2014-08-26 07:56:34,485 INFO [servlet.SouSuo] - sousuo servlet startup!
2014-08-26 07:56:59,454 INFO [timer.TimerExecute] - 10 minutes execute!
2014-08-26 08:09:56,735 INFO [servlet.SouSuo] - sousuo servlet startup!
2014-08-26 08:09:59,735 INFO [timer.TimerExecute] - 10 minutes execute!
2014-08-26 08:19:59,735 INFO [timer.TimerExecute] - 10 minutes execute!
2014-08-26 08:29:59,735 INFO [timer.TimerExecute] - 10 minutes execute!
2014-08-26 08:56:00,938 INFO [servlet.SouSuo] - sousuo servlet startup!
2014-08-26 08:56:59,938 INFO [timer.TimerExecute] - 10 minutes execute!
2014-08-26 09:06:59,953 INFO [timer.TimerExecute] - 10 minutes execute!
2014-08-26 09:15:19,156 INFO [servlet.SouSuo] - 119.61.3.26	2014-8-26 9:15:18    engine=two	site=baiduyun	keyword=java教程
2014-08-26 09:16:59,953 INFO [timer.TimerExecute] - 10 minutes execute!
2014-08-26 09:27:31,578 INFO [servlet.SouSuo] - sousuo servlet startup!
2014-08-26 09:27:59,578 INFO [timer.TimerExecute] - 10 minutes execute!
2014-08-26 09:37:59,578 INFO [timer.TimerExecute] - 10 minutes execute!
2014-08-26 09:47:59,734 INFO [timer.TimerExecute] - 10 minutes execute!
2014-08-26 09:57:59,703 INFO [timer.TimerExecute] - 10 minutes execute!
2014-08-26 10:08:00,562 INFO [timer.TimerExecute] - 10 minutes execute!
2014-08-26 10:15:44,686 INFO [servlet.SouSuo] - sousuo servlet startup!
2014-08-26 10:15:59,686 INFO [timer.TimerExecute] - 10 minutes execute!
2014-08-26 10:25:59,686 INFO [timer.TimerExecute] - 10 minutes execute!
2014-08-26 10:31:14,780 INFO [servlet.SouSuo] - 221.221.149.24	2014-8-26 10:31:14    engine=two	site=baiduyun	keyword=java web
2014-08-26 10:34:03,014 INFO [servlet.SouSuo] - 58.251.166.13	2014-8-26 10:34:02    engine=two	site=baiduyun	keyword=老罗android开发视频教程
2014-08-26 10:35:59,702 INFO [timer.TimerExecute] - 10 minutes execute!
2014-08-26 10:45:59,706 INFO [timer.TimerExecute] - 10 minutes execute!
2014-08-26 10:56:00,240 INFO [timer.TimerExecute] - 10 minutes execute!
2014-08-26 11:06:00,868 INFO [timer.TimerExecute] - 10 minutes execute!
2014-08-26 11:16:00,448 INFO [timer.TimerExecute] - 10 minutes execute!
2014-08-26 11:26:01,011 INFO [timer.TimerExecute] - 10 minutes execute!
2014-08-26 11:26:32,370 INFO [servlet.SouSuo] - sousuo servlet startup!
2014-08-26 11:26:59,370 INFO [timer.TimerExecute] - 10 minutes execute!
2014-08-26 11:39:31,308 INFO [servlet.SouSuo] - sousuo servlet startup!
2014-08-26 11:39:59,308 INFO [timer.TimerExecute] - 10 minutes execute!
2014-08-26 11:55:24,218 INFO [servlet.SouSuo] - sousuo servlet startup!
2014-08-26 11:55:59,218 INFO [timer.TimerExecute] - 10 minutes execute!
2014-08-26 12:05:59,218 INFO [timer.TimerExecute] - 10 minutes execute!
2014-08-26 12:15:59,218 INFO [timer.TimerExecute] - 10 minutes execute!
2014-08-26 12:25:59,218 INFO [timer.TimerExecute] - 10 minutes execute!
2014-08-26 12:31:23,515 INFO [servlet.SouSuo] - sousuo servlet startup!
2014-08-26 12:31:59,515 INFO [timer.TimerExecute] - 10 minutes execute!
2014-08-26 12:41:59,516 INFO [timer.TimerExecute] - 10 minutes execute!
2014-08-26 12:52:42,673 INFO [servlet.SouSuo] - sousuo servlet startup!
2014-08-26 12:52:59,673 INFO [timer.TimerExecute] - 10 minutes execute!
2014-08-26 13:02:59,689 INFO [timer.TimerExecute] - 10 minutes execute!
2014-08-26 13:12:59,689 INFO [timer.TimerExecute] - 10 minutes execute!
2014-08-26 13:22:59,689 INFO [timer.TimerExecute] - 10 minutes execute!
2014-08-26 13:31:56,892 INFO [servlet.SouSuo] - sousuo servlet startup!
2014-08-26 13:31:59,877 INFO [timer.TimerExecute] - 10 minutes execute!
2014-08-26 13:41:59,877 INFO [timer.TimerExecute] - 10 minutes execute!
2014-08-26 13:51:59,877 INFO [timer.TimerExecute] - 10 minutes execute!
2014-08-26 14:01:59,877 INFO [timer.TimerExecute] - 10 minutes execute!
2014-08-26 14:08:53,033 INFO [servlet.SouSuo] - 222.128.174.47	2014-8-26 14:08:53    engine=two	site=huaweiyun	keyword=hadoop
2014-08-26 14:11:12,205 INFO [servlet.SouSuo] - 114.249.234.101	2014-8-26 14:11:12    engine=two	site=huaweiyun	keyword=hadoop
2014-08-26 14:11:59,877 INFO [timer.TimerExecute] - 10 minutes execute!
2014-08-26 14:21:59,877 INFO [timer.TimerExecute] - 10 minutes execute!
2014-08-26 14:33:50,660 INFO [servlet.SouSuo] - sousuo servlet startup!
2014-08-26 14:33:59,660 INFO [timer.TimerExecute] - 10 minutes execute!
2014-08-26 14:43:59,661 INFO [timer.TimerExecute] - 10 minutes execute!
2014-08-26 14:53:59,661 INFO [timer.TimerExecute] - 10 minutes execute!
2014-08-26 15:03:59,674 INFO [timer.TimerExecute] - 10 minutes execute!
2014-08-26 15:10:38,784 INFO [servlet.SouSuo] - sousuo servlet startup!
2014-08-26 15:10:59,784 INFO [timer.TimerExecute] - 10 minutes execute!
2014-08-26 15:19:36,659 INFO [servlet.SouSuo] - 223.68.35.127	2014-8-26 15:19:36    engine=two	site=baiduyun	keyword=7天hadoop视频
2014-08-26 15:20:59,799 INFO [timer.TimerExecute] - 10 minutes execute!
2014-08-26 15:30:59,815 INFO [timer.TimerExecute] - 10 minutes execute!
2014-08-26 15:36:00,643 INFO [servlet.SouSuo] - 180.168.202.246	2014-8-26 15:36:00    engine=two	site=csdnyunyun	keyword=有什么
2014-08-26 15:40:59,831 INFO [timer.TimerExecute] - 10 minutes execute!
2014-08-26 15:50:56,036 INFO [servlet.SouSuo] - 183.62.49.186	2014-8-26 15:50:56    engine=two	site=baiduyun	keyword=网易邮箱
2014-08-26 15:50:59,817 INFO [timer.TimerExecute] - 10 minutes execute!
2014-08-26 16:00:59,833 INFO [timer.TimerExecute] - 10 minutes execute!
2014-08-26 16:10:59,833 INFO [timer.TimerExecute] - 10 minutes execute!
2014-08-26 16:17:58,927 INFO [servlet.SouSuo] - sousuo servlet startup!
2014-08-26 16:17:59,927 INFO [timer.TimerExecute] - 10 minutes execute!
2014-08-26 16:27:59,927 INFO [timer.TimerExecute] - 10 minutes execute!
2014-08-26 16:38:00,458 INFO [timer.TimerExecute] - 10 minutes execute!
2014-08-26 16:40:29,287 INFO [servlet.SouSuo] - sousuo servlet startup!
2014-08-26 16:40:59,302 INFO [timer.TimerExecute] - 10 minutes execute!
2014-08-26 16:50:59,302 INFO [timer.TimerExecute] - 10 minutes execute!
2014-08-26 17:00:59,349 INFO [timer.TimerExecute] - 10 minutes execute!
2014-08-26 17:12:56,865 INFO [servlet.SouSuo] - sousuo servlet startup!
2014-08-26 17:12:59,865 INFO [timer.TimerExecute] - 10 minutes execute!
2014-08-26 17:22:59,865 INFO [timer.TimerExecute] - 10 minutes execute!
2014-08-26 17:30:47,396 INFO [servlet.SouSuo] - sousuo servlet startup!
2014-08-26 17:30:59,381 INFO [timer.TimerExecute] - 10 minutes execute!
2014-08-26 17:44:20,116 INFO [servlet.SouSuo] - sousuo servlet startup!
2014-08-26 17:44:59,116 INFO [timer.TimerExecute] - 10 minutes execute!
2014-08-26 17:54:59,116 INFO [timer.TimerExecute] - 10 minutes execute!
2014-08-26 18:05:43,569 INFO [servlet.SouSuo] - sousuo servlet startup!
2014-08-26 18:05:59,569 INFO [timer.TimerExecute] - 10 minutes execute!
2014-08-26 18:15:59,663 INFO [timer.TimerExecute] - 10 minutes execute!
2014-08-26 18:30:46,585 INFO [servlet.SouSuo] - sousuo servlet startup!
2014-08-26 18:30:59,585 INFO [timer.TimerExecute] - 10 minutes execute!
2014-08-26 18:52:07,710 INFO [servlet.SouSuo] - sousuo servlet startup!
2014-08-26 18:52:59,710 INFO [timer.TimerExecute] - 10 minutes execute!
2014-08-26 19:02:59,710 INFO [timer.TimerExecute] - 10 minutes execute!
2014-08-26 19:17:00,710 INFO [servlet.SouSuo] - sousuo servlet startup!
2014-08-26 19:17:59,710 INFO [timer.TimerExecute] - 10 minutes execute!
2014-08-26 19:47:33,523 INFO [servlet.SouSuo] - sousuo servlet startup!
2014-08-26 19:47:59,523 INFO [timer.TimerExecute] - 10 minutes execute!
2014-08-26 20:01:46,601 INFO [servlet.SouSuo] - sousuo servlet startup!
2014-08-26 20:01:59,601 INFO [timer.TimerExecute] - 10 minutes execute!
2014-08-26 20:11:59,601 INFO [timer.TimerExecute] - 10 minutes execute!
2014-08-26 20:21:59,617 INFO [timer.TimerExecute] - 10 minutes execute!
2014-08-26 20:31:59,617 INFO [timer.TimerExecute] - 10 minutes execute!
2014-08-26 20:41:29,211 INFO [servlet.SouSuo] - sousuo servlet startup!
2014-08-26 20:41:59,226 INFO [timer.TimerExecute] - 10 minutes execute!
2014-08-26 20:57:50,414 INFO [servlet.SouSuo] - sousuo servlet startup!
2014-08-26 20:57:59,414 INFO [timer.TimerExecute] - 10 minutes execute!
2014-08-26 21:07:59,508 INFO [timer.TimerExecute] - 10 minutes execute!
2014-08-26 21:17:59,461 INFO [timer.TimerExecute] - 10 minutes execute!
2014-08-26 21:30:27,477 INFO [servlet.SouSuo] - sousuo servlet startup!
2014-08-26 21:30:59,477 INFO [timer.TimerExecute] - 10 minutes execute!
2014-08-26 21:43:05,961 INFO [servlet.SouSuo] - sousuo servlet startup!
2014-08-26 21:43:59,961 INFO [timer.TimerExecute] - 10 minutes execute!
2014-08-26 21:53:59,961 INFO [timer.TimerExecute] - 10 minutes execute!
2014-08-26 22:01:19,195 INFO [servlet.SouSuo] - sousuo servlet startup!
2014-08-26 22:01:59,195 INFO [timer.TimerExecute] - 10 minutes execute!
2014-08-26 22:15:07,633 INFO [servlet.SouSuo] - sousuo servlet startup!
2014-08-26 22:15:59,633 INFO [timer.TimerExecute] - 10 minutes execute!
2014-08-26 22:25:59,633 INFO [timer.TimerExecute] - 10 minutes execute!
2014-08-26 22:30:59,617 INFO [timer.TimerExecute] - one day execute
2014-08-26 22:40:26,133 INFO [servlet.SouSuo] - sousuo servlet startup!
2014-08-26 22:40:26,133 INFO [timer.TimerExecute] - one day execute
2014-08-26 22:40:59,133 INFO [timer.TimerExecute] - 10 minutes execute!
2014-08-26 22:50:59,133 INFO [timer.TimerExecute] - 10 minutes execute!
2014-08-26 23:00:59,133 INFO [timer.TimerExecute] - 10 minutes execute!
2014-08-26 23:10:59,164 INFO [timer.TimerExecute] - 10 minutes execute!
